<?xml version="1.0" encoding="UTF-8"?>
<testng-results skipped="0" failed="0" ignored="0" total="2" passed="2">
  <reporter-output>
  </reporter-output>
  <suite name="Default suite" duration-ms="95230" started-at="2019-10-01T09:40:23 IST" finished-at="2019-10-01T09:41:58 IST">
    <groups>
    </groups>
    <test name="Default test" duration-ms="95230" started-at="2019-10-01T09:40:23 IST" finished-at="2019-10-01T09:41:58 IST">
      <class name="com.actitime.scripts.ActiInvalidLogin">
        <test-method status="PASS" signature="openBrowser()[pri:1, instance:com.actitime.scripts.ActiInvalidLogin@65e2dbf3]" name="openBrowser" duration-ms="70808" started-at="2019-10-01T09:40:23 IST" finished-at="2019-10-01T09:41:34 IST">
          <reporter-output>
          </reporter-output>
        </test-method> <!-- openBrowser -->
        <test-method status="PASS" signature="LoginInvalid()[pri:2, instance:com.actitime.scripts.ActiInvalidLogin@65e2dbf3]" name="LoginInvalid" duration-ms="24266" started-at="2019-10-01T09:41:34 IST" finished-at="2019-10-01T09:41:58 IST">
          <reporter-output>
          </reporter-output>
        </test-method> <!-- LoginInvalid -->
      </class> <!-- com.actitime.scripts.ActiInvalidLogin -->
    </test> <!-- Default test -->
  </suite> <!-- Default suite -->
</testng-results>
